app/build/intermediates/manifest_merge_blame_file/debug/manifest-merger-blame-debug-report.txt
1<?xml version="1.0" encoding="utf-8"?>
2<manifest xmlns:android="http://schemas.android.com/apk/res/android"
3    package="com.example.projectstarter"
4    android:versionCode="1"
5    android:versionName="1.0" >
6
7    <uses-sdk
8        android:minSdkVersion="28"
8-->src/main/AndroidManifest.xml
9        android:targetSdkVersion="30" />
9-->src/main/AndroidManifest.xml
10
11    <uses-permission android:name="android.permission.WAKE_LOCK" />
11-->src/main/AndroidManifest.xml:5:5-68
11-->src/main/AndroidManifest.xml:5:22-65
12
13    <uses-feature android:name="android.hardware.type.watch" />
13-->src/main/AndroidManifest.xml:7:5-64
13-->src/main/AndroidManifest.xml:7:19-61
14
15    <uses-permission android:name="android.permission.BODY_SENSORS" />
15-->src/main/AndroidManifest.xml:8:5-71
15-->src/main/AndroidManifest.xml:8:22-68
16    <uses-permission android:name="android.permission.READ_EXTERNAL_STORAGE" />
16-->src/main/AndroidManifest.xml:9:5-11:57
16-->src/main/AndroidManifest.xml:10:9-77
17    <uses-permission android:name="android.permission.WRITE_EXTERNAL_STORAGE" />
17-->src/main/AndroidManifest.xml:12:5-14:58
17-->src/main/AndroidManifest.xml:13:9-78
18
19    <application
19-->src/main/AndroidManifest.xml:15:5-42:19
20        android:allowBackup="true"
20-->src/main/AndroidManifest.xml:16:9-35
21        android:appComponentFactory="androidx.core.app.CoreComponentFactory"
21-->[androidx.core:core:1.3.1] AndroidManifest.xml:24:18-86
22        android:debuggable="true"
23        android:extractNativeLibs="false"
24        android:icon="@mipmap/ic_launcher"
24-->src/main/AndroidManifest.xml:17:9-43
25        android:label="@string/app_name"
25-->src/main/AndroidManifest.xml:18:9-41
26        android:supportsRtl="true"
26-->src/main/AndroidManifest.xml:19:9-35
27        android:testOnly="true"
28        android:theme="@android:style/Theme.DeviceDefault" >
28-->src/main/AndroidManifest.xml:20:9-59
29        <uses-library
29-->src/main/AndroidManifest.xml:21:9-23:39
30            android:name="com.google.android.wearable"
30-->src/main/AndroidManifest.xml:22:13-55
31            android:required="true" />
31-->src/main/AndroidManifest.xml:23:13-36
32
33        <!--
34               Set to true if your app is Standalone, that is, it does not require the handheld
35               app to run.
36        -->
37        <meta-data
37-->src/main/AndroidManifest.xml:29:9-31:36
38            android:name="com.google.android.wearable.standalone"
38-->src/main/AndroidManifest.xml:30:13-66
39            android:value="true" />
39-->src/main/AndroidManifest.xml:31:13-33
40
41        <activity
41-->src/main/AndroidManifest.xml:33:9-41:20
42            android:name="com.example.projectstarter.MainActivity"
42-->src/main/AndroidManifest.xml:34:13-41
43            android:label="@string/app_name" >
43-->src/main/AndroidManifest.xml:35:13-45
44            <intent-filter>
44-->src/main/AndroidManifest.xml:36:13-40:29
45                <action android:name="android.intent.action.MAIN" />
45-->src/main/AndroidManifest.xml:37:17-69
45-->src/main/AndroidManifest.xml:37:25-66
46
47                <category android:name="android.intent.category.LAUNCHER" />
47-->src/main/AndroidManifest.xml:39:17-77
47-->src/main/AndroidManifest.xml:39:27-74
48            </intent-filter>
49        </activity>
50        <activity
50-->[com.google.android.gms:play-services-base:17.0.0] AndroidManifest.xml:23:9-26:75
51            android:name="com.google.android.gms.common.api.GoogleApiActivity"
51-->[com.google.android.gms:play-services-base:17.0.0] AndroidManifest.xml:24:13-79
52            android:exported="false"
52-->[com.google.android.gms:play-services-base:17.0.0] AndroidManifest.xml:25:13-37
53            android:theme="@android:style/Theme.Translucent.NoTitleBar" />
53-->[com.google.android.gms:play-services-base:17.0.0] AndroidManifest.xml:26:13-72
54
55        <meta-data
55-->[com.google.android.gms:play-services-basement:17.0.0] AndroidManifest.xml:23:9-25:69
56            android:name="com.google.android.gms.version"
56-->[com.google.android.gms:play-services-basement:17.0.0] AndroidManifest.xml:24:13-58
57            android:value="@integer/google_play_services_version" />
57-->[com.google.android.gms:play-services-basement:17.0.0] AndroidManifest.xml:25:13-66
58    </application>
59
60</manifest>